[15:09:08] [ServerMain/INFO]: [bootstrap] Running Java 21 (OpenJDK 64-Bit Server VM 21.0.7+6-LTS; Eclipse Adoptium Temurin-21.0.7+6) on Mac OS X 15.5 (aarch64)
[15:09:08] [ServerMain/INFO]: [bootstrap] Loading Paper 1.21.4-232-ver/1.21.4@12d8fe0 (2025-06-09T10:15:42Z) for Minecraft 1.21.4
[15:09:09] [ServerMain/INFO]: [PluginInitializerManager] Initializing plugins...
[15:09:09] [ServerMain/INFO]: [PluginInitializerManager] Initialized 1 plugin
[15:09:09] [ServerMain/INFO]: [PluginInitializerManager] Bukkit plugins (1):
 - ItemGetOut (1.0.0)
[15:09:11] [ServerMain/INFO]: Environment: Environment[sessionHost=https://sessionserver.mojang.com, servicesHost=https://api.minecraftservices.com, name=PROD]
[15:09:12] [ServerMain/INFO]: Loaded 1370 recipes
[15:09:12] [ServerMain/INFO]: Loaded 1481 advancements
[15:09:12] [ServerMain/INFO]: [MCTypeRegistry] Initialising converters for DataConverter...
[15:09:12] [ServerMain/INFO]: [MCTypeRegistry] Finished initialising converters for DataConverter in 137.2ms
[15:09:12] [Server thread/INFO]: Starting minecraft server version 1.21.4
[15:09:12] [Server thread/INFO]: Loading properties
[15:09:12] [Server thread/INFO]: This server is running Paper version 1.21.4-232-ver/1.21.4@12d8fe0 (2025-06-09T10:15:42Z) (Implementing API version 1.21.4-R0.1-SNAPSHOT)
[15:09:12] [Server thread/INFO]: [spark] This server bundles the spark profiler. For more information please visit https://docs.papermc.io/paper/profiling
[15:09:12] [Server thread/INFO]: Server Ping Player Sample Count: 12
[15:09:12] [Server thread/INFO]: Using 4 threads for Netty based IO
[15:09:13] [Server thread/INFO]: [MoonriseCommon] Paper is using 2 worker threads, 1 I/O threads
[15:09:13] [Server thread/INFO]: [ChunkTaskScheduler] Chunk system is using population gen parallelism: true
[15:09:13] [Server thread/INFO]: Default game type: SURVIVAL
[15:09:13] [Server thread/INFO]: Generating keypair
[15:09:13] [Server thread/INFO]: Starting Minecraft server on *:25565
[15:09:13] [Server thread/INFO]: Using default channel type
[15:09:13] [Server thread/INFO]: Paper: Using libdeflate (macOS ARM64 / Apple Silicon) compression from Velocity.
[15:09:13] [Server thread/INFO]: Paper: Using native (macOS ARM64 / Apple Silicon) cipher from Velocity.
[15:09:13] [Server thread/INFO]: [ItemGetOut] Loading server plugin ItemGetOut v1.0.0
[15:09:13] [Server thread/INFO]: Server permissions file permissions.yml is empty, ignoring it
[15:09:13] [Server thread/WARN]: **** SERVER IS RUNNING IN OFFLINE/INSECURE MODE!
[15:09:13] [Server thread/WARN]: The server will make no attempt to authenticate usernames. Beware.
[15:09:13] [Server thread/WARN]: While this makes the game possible to play without internet access, it also opens up the ability for hackers to connect with any username they choose.
[15:09:13] [Server thread/WARN]: To change this, set "online-mode" to "true" in the server.properties file.
[15:09:13] [Server thread/INFO]: Preparing level "world"
[15:09:14] [Server thread/INFO]: Preparing start region for dimension minecraft:overworld
[15:09:14] [Server thread/INFO]: Preparing spawn area: 0%
[15:09:14] [Server thread/INFO]: Time elapsed: 460 ms
[15:09:14] [Server thread/INFO]: Preparing start region for dimension minecraft:the_nether
[15:09:14] [Server thread/INFO]: Preparing spawn area: 0%
[15:09:14] [Server thread/INFO]: Time elapsed: 137 ms
[15:09:14] [Server thread/INFO]: Preparing start region for dimension minecraft:the_end
[15:09:14] [Server thread/INFO]: Preparing spawn area: 0%
[15:09:14] [Server thread/INFO]: Time elapsed: 54 ms
[15:09:14] [Server thread/INFO]: [ItemGetOut] Enabling ItemGetOut v1.0.0
[15:09:14] [Server thread/INFO]: [itemgetout] ItemGetOut enabled
[15:09:14] [Server thread/INFO]: [itemgetout] ItemGetOut loaded with 0 total blacklisted items across all players
[15:09:15] [Server thread/INFO]: [spark] Starting background profiler...
[15:09:16] [Server thread/INFO]: Done preparing level "world" (2.374s)
[15:09:16] [Server thread/INFO]: Running delayed init tasks
[15:09:16] [Server thread/INFO]: Done (13.590s)! For help, type "help"
[15:09:20] [User Authenticator #0/INFO]: UUID of player ILoveYouToo is ed10f5a1-11b2-3f08-b993-d733ae1ac507
[15:09:21] [Server thread/INFO]: ILoveYouToo joined the game
[15:09:21] [Server thread/INFO]: ILoveYouToo[/127.0.0.1:59319] logged in with entity id 64 at ([world]-1.5, 71.0, -9.5)
[15:09:22] [User Authenticator #0/INFO]: UUID of player focus098xdd is ddd9abdd-48f5-33f0-b0f8-860f0528f579
[15:09:23] [Server thread/INFO]: focus098xdd joined the game
[15:09:23] [Server thread/INFO]: focus098xdd[/127.0.0.1:59320] logged in with entity id 132 at ([world]-0.5, 64.0, 1.5)
[15:09:36] [Server thread/INFO]: Made focus098xdd a server operator
[15:09:43] [Server thread/INFO]: focus098xdd issued server command: /gamemode creative @a
[15:09:43] [Server thread/INFO]: [focus098xdd: Set ILoveYouToo's game mode to Creative Mode]
[15:09:43] [Server thread/INFO]: [focus098xdd: Set own game mode to Creative Mode]
[15:09:47] [Server thread/INFO]: focus098xdd issued server command: /time set day
[15:09:47] [Server thread/INFO]: [focus098xdd: Set the time to 1000]
[15:09:53] [Server thread/INFO]: focus098xdd has made the advancement [Stone Age]
[15:10:12] [Server thread/INFO]: focus098xdd issued server command: /blacklist
[15:10:27] [Server thread/INFO]: [itemgetout] Player focus098xdd attempted to pick up blacklisted item: COBBLESTONE
[15:10:32] [Server thread/INFO]: ILoveYouToo issued server command: /blacklist
[15:10:35] [Server thread/INFO]: ILoveYouToo has made the advancement [Stone Age]
[15:10:40] [Server thread/INFO]: ILoveYouToo issued server command: /blacklist
[15:10:48] [Server thread/INFO]: [itemgetout] Player ILoveYouToo attempted to pick up blacklisted item: COBBLESTONE
[15:10:52] [Server thread/INFO]: ILoveYouToo lost connection: Disconnected
[15:10:52] [Server thread/INFO]: ILoveYouToo left the game
[15:10:55] [Server thread/INFO]: focus098xdd lost connection: Disconnected
[15:10:55] [Server thread/INFO]: focus098xdd left the game
[15:10:59] [Server thread/INFO]: Stopping server
[15:11:00] [Server thread/INFO]: [ItemGetOut] Disabling ItemGetOut v1.0.0
[15:11:00] [Server thread/INFO]: [itemgetout] ItemGetOut disabled
[15:11:00] [Server thread/INFO]: Saving players
[15:11:00] [Server thread/INFO]: Saving worlds
[15:11:00] [Server thread/INFO]: Saving chunks for level 'ServerLevel[world]'/minecraft:overworld
[15:11:00] [Server thread/INFO]: [ChunkHolderManager] Waiting 60s for chunk system to halt for world 'world'
[15:11:00] [Server thread/INFO]: [ChunkHolderManager] Halted chunk system for world 'world'
[15:11:00] [Server thread/INFO]: [ChunkHolderManager] Saving all chunkholders for world 'world'
[15:11:00] [Server thread/INFO]: [ChunkHolderManager] Saved 1422 block chunks, 676 entity chunks, 0 poi chunks in world 'world' in 0.84s
[15:11:00] [Server thread/INFO]: [ChunkHolderManager] Waiting 60s for chunk I/O to halt for world 'world'
[15:11:00] [Server thread/INFO]: [ChunkHolderManager] Halted I/O scheduler for world 'world'
[15:11:01] [Server thread/INFO]: Saving chunks for level 'ServerLevel[world_nether]'/minecraft:the_nether
[15:11:01] [Server thread/INFO]: [ChunkHolderManager] Waiting 60s for chunk system to halt for world 'world_nether'
[15:11:01] [Server thread/INFO]: [ChunkHolderManager] Halted chunk system for world 'world_nether'
[15:11:01] [Server thread/INFO]: [ChunkHolderManager] Saving all chunkholders for world 'world_nether'
[15:11:01] [Server thread/INFO]: [ChunkHolderManager] Saved 49 block chunks, 49 entity chunks, 0 poi chunks in world 'world_nether' in 0.04s
[15:11:01] [Server thread/INFO]: [ChunkHolderManager] Waiting 60s for chunk I/O to halt for world 'world_nether'
[15:11:01] [Server thread/INFO]: [ChunkHolderManager] Halted I/O scheduler for world 'world_nether'
[15:11:01] [Server thread/INFO]: Saving chunks for level 'ServerLevel[world_the_end]'/minecraft:the_end
[15:11:01] [Server thread/INFO]: [ChunkHolderManager] Waiting 60s for chunk system to halt for world 'world_the_end'
[15:11:01] [Server thread/INFO]: [ChunkHolderManager] Halted chunk system for world 'world_the_end'
[15:11:01] [Server thread/INFO]: [ChunkHolderManager] Saving all chunkholders for world 'world_the_end'
[15:11:01] [Server thread/INFO]: [ChunkHolderManager] Saved 49 block chunks, 49 entity chunks, 0 poi chunks in world 'world_the_end' in 0.03s
[15:11:01] [Server thread/INFO]: [ChunkHolderManager] Waiting 60s for chunk I/O to halt for world 'world_the_end'
[15:11:01] [Server thread/INFO]: [ChunkHolderManager] Halted I/O scheduler for world 'world_the_end'
[15:11:01] [Server thread/INFO]: ThreadedAnvilChunkStorage (world): All chunks are saved
[15:11:01] [Server thread/INFO]: ThreadedAnvilChunkStorage (DIM-1): All chunks are saved
[15:11:01] [Server thread/INFO]: ThreadedAnvilChunkStorage (DIM1): All chunks are saved
[15:11:01] [Server thread/INFO]: ThreadedAnvilChunkStorage: All dimensions are saved
[15:11:01] [Server thread/INFO]: Waiting for I/O tasks to complete...
[15:11:01] [Server thread/INFO]: All I/O tasks to complete
[15:11:01] [Server thread/INFO]: [MoonriseCommon] Awaiting termination of worker pool for up to 60s...
[15:11:01] [Server thread/INFO]: [MoonriseCommon] Awaiting termination of I/O pool for up to 60s...
